13-Oct-2025 21:13:46.336 INFO [main] org.apache.catalina.startup.VersionLoggerListener.log Nombre de la versión del servidor: Apache Tomcat/10.1.48
13-Oct-2025 21:13:46.346 INFO [main] org.apache.catalina.startup.VersionLoggerListener.log Server built:                      Oct 10 2025 14:33:56 UTC
13-Oct-2025 21:13:46.348 INFO [main] org.apache.catalina.startup.VersionLoggerListener.log Número de versión de servidor:     10.1.48.0
13-Oct-2025 21:13:46.362 INFO [main] org.apache.catalina.startup.VersionLoggerListener.log OS Name:                           Windows 11
13-Oct-2025 21:13:46.364 INFO [main] org.apache.catalina.startup.VersionLoggerListener.log Versión de Systema Operativo:      10.0
13-Oct-2025 21:13:46.365 INFO [main] org.apache.catalina.startup.VersionLoggerListener.log Arquitectura:                      amd64
13-Oct-2025 21:13:46.367 INFO [main] org.apache.catalina.startup.VersionLoggerListener.log Java Home:                         C:\Program Files\Java\jdk-25
13-Oct-2025 21:13:46.368 INFO [main] org.apache.catalina.startup.VersionLoggerListener.log JVM Version:                       25+37-LTS-3491
13-Oct-2025 21:13:46.370 INFO [main] org.apache.catalina.startup.VersionLoggerListener.log Vededor JVM:                       Oracle Corporation
13-Oct-2025 21:13:46.370 INFO [main] org.apache.catalina.startup.VersionLoggerListener.log CATALINA_BASE:                     C:\Users\gaton\OneDrive\Documentos\Programación_Brayann\apache-tomcat-10.1.48
13-Oct-2025 21:13:46.372 INFO [main] org.apache.catalina.startup.VersionLoggerListener.log CATALINA_HOME:                     C:\Users\gaton\OneDrive\Documentos\Programación_Brayann\apache-tomcat-10.1.48
13-Oct-2025 21:13:46.380 INFO [main] org.apache.catalina.startup.VersionLoggerListener.log Command line argument:             -Djava.util.logging.config.file=C:\Users\gaton\OneDrive\Documentos\Programación_Brayann\apache-tomcat-10.1.48\conf\logging.properties
13-Oct-2025 21:13:46.383 INFO [main] org.apache.catalina.startup.VersionLoggerListener.log Command line argument:             -Djava.util.logging.manager=org.apache.juli.ClassLoaderLogManager
13-Oct-2025 21:13:46.384 INFO [main] org.apache.catalina.startup.VersionLoggerListener.log Command line argument:             -Djdk.tls.ephemeralDHKeySize=2048
13-Oct-2025 21:13:46.384 INFO [main] org.apache.catalina.startup.VersionLoggerListener.log Command line argument:             -Djava.protocol.handler.pkgs=org.apache.catalina.webresources
13-Oct-2025 21:13:46.384 INFO [main] org.apache.catalina.startup.VersionLoggerListener.log Command line argument:             -Dsun.io.useCanonCaches=false
13-Oct-2025 21:13:46.385 INFO [main] org.apache.catalina.startup.VersionLoggerListener.log Command line argument:             --add-opens=java.base/java.lang=ALL-UNNAMED
13-Oct-2025 21:13:46.385 INFO [main] org.apache.catalina.startup.VersionLoggerListener.log Command line argument:             --add-opens=java.base/java.lang.reflect=ALL-UNNAMED
13-Oct-2025 21:13:46.385 INFO [main] org.apache.catalina.startup.VersionLoggerListener.log Command line argument:             --add-opens=java.base/java.io=ALL-UNNAMED
13-Oct-2025 21:13:46.385 INFO [main] org.apache.catalina.startup.VersionLoggerListener.log Command line argument:             --add-opens=java.base/java.util=ALL-UNNAMED
13-Oct-2025 21:13:46.385 INFO [main] org.apache.catalina.startup.VersionLoggerListener.log Command line argument:             --add-opens=java.base/java.util.concurrent=ALL-UNNAMED
13-Oct-2025 21:13:46.385 INFO [main] org.apache.catalina.startup.VersionLoggerListener.log Command line argument:             --add-opens=java.rmi/sun.rmi.transport=ALL-UNNAMED
13-Oct-2025 21:13:46.386 INFO [main] org.apache.catalina.startup.VersionLoggerListener.log Command line argument:             -Dcatalina.base=C:\Users\gaton\OneDrive\Documentos\Programación_Brayann\apache-tomcat-10.1.48
13-Oct-2025 21:13:46.386 INFO [main] org.apache.catalina.startup.VersionLoggerListener.log Command line argument:             -Dcatalina.home=C:\Users\gaton\OneDrive\Documentos\Programación_Brayann\apache-tomcat-10.1.48
13-Oct-2025 21:13:46.386 INFO [main] org.apache.catalina.startup.VersionLoggerListener.log Command line argument:             -Djava.io.tmpdir=C:\Users\gaton\OneDrive\Documentos\Programación_Brayann\apache-tomcat-10.1.48\temp
13-Oct-2025 21:13:46.407 INFO [main] org.apache.catalina.core.AprLifecycleListener.lifecycleEvent Cargada la biblioteca nativa APR de Apache Tomcat [2.0.9] con la versión APR [1.7.6].
13-Oct-2025 21:13:46.447 INFO [main] org.apache.catalina.core.AprLifecycleListener.initializeSSL OpenSSL inicializado correctamente [OpenSSL 3.5.0 8 Apr 2025]
13-Oct-2025 21:13:46.872 INFO [main] org.apache.coyote.AbstractProtocol.init Inicializando el manejador de protocolo ["http-nio-8080"]

13-Oct-2025 21:13:46.906 INFO [main] org.apache.catalina.startup.Catalina.load Server initialization in [1005] milliseconds
13-Oct-2025 21:13:47.018 INFO [main] org.apache.catalina.core.StandardService.startInternal Arrancando servicio [Catalina]
13-Oct-2025 21:13:47.020 INFO [main] org.apache.catalina.core.StandardEngine.startInternal Starting Servlet engine: [Apache Tomcat/10.1.48]
13-Oct-2025 21:13:47.060 INFO [main] org.apache.catalina.startup.HostConfig.deployDirectory Desplegando el directorio [C:\Users\gaton\OneDrive\Documentos\Programación_Brayann\apache-tomcat-10.1.48\webapps\docs] de la aplicación web
13-Oct-2025 21:13:47.595 INFO [main] org.apache.catalina.startup.HostConfig.deployDirectory Deployment of web application directory [C:\Users\gaton\OneDrive\Documentos\Programación_Brayann\apache-tomcat-10.1.48\webapps\docs] has finished in [527] ms
13-Oct-2025 21:13:47.596 INFO [main] org.apache.catalina.startup.HostConfig.deployDirectory Desplegando el directorio [C:\Users\gaton\OneDrive\Documentos\Programación_Brayann\apache-tomcat-10.1.48\webapps\examples] de la aplicación web
13-Oct-2025 21:13:48.686 INFO [main] org.apache.catalina.startup.HostConfig.deployDirectory Deployment of web application directory [C:\Users\gaton\OneDrive\Documentos\Programación_Brayann\apache-tomcat-10.1.48\webapps\examples] has finished in [1.090] ms
13-Oct-2025 21:13:48.687 INFO [main] org.apache.catalina.startup.HostConfig.deployDirectory Desplegando el directorio [C:\Users\gaton\OneDrive\Documentos\Programación_Brayann\apache-tomcat-10.1.48\webapps\host-manager] de la aplicación web
13-Oct-2025 21:13:48.772 INFO [main] org.apache.catalina.startup.HostConfig.deployDirectory Deployment of web application directory [C:\Users\gaton\OneDrive\Documentos\Programación_Brayann\apache-tomcat-10.1.48\webapps\host-manager] has finished in [85] ms
13-Oct-2025 21:13:48.773 INFO [main] org.apache.catalina.startup.HostConfig.deployDirectory Desplegando el directorio [C:\Users\gaton\OneDrive\Documentos\Programación_Brayann\apache-tomcat-10.1.48\webapps\manager] de la aplicación web
13-Oct-2025 21:13:48.847 INFO [main] org.apache.catalina.startup.HostConfig.deployDirectory Deployment of web application directory [C:\Users\gaton\OneDrive\Documentos\Programación_Brayann\apache-tomcat-10.1.48\webapps\manager] has finished in [74] ms
13-Oct-2025 21:13:48.848 INFO [main] org.apache.catalina.startup.HostConfig.deployDirectory Desplegando el directorio [C:\Users\gaton\OneDrive\Documentos\Programación_Brayann\apache-tomcat-10.1.48\webapps\ROOT] de la aplicación web
13-Oct-2025 21:13:48.897 INFO [main] org.apache.catalina.startup.HostConfig.deployDirectory Deployment of web application directory [C:\Users\gaton\OneDrive\Documentos\Programación_Brayann\apache-tomcat-10.1.48\webapps\ROOT] has finished in [49] ms
13-Oct-2025 21:13:48.904 INFO [main] org.apache.coyote.AbstractProtocol.start Starting ProtocolHandler ["http-nio-8080"]
13-Oct-2025 21:13:48.946 INFO [main] org.apache.catalina.startup.Catalina.start Server startup in [2034] milliseconds
13-Oct-2025 21:34:32.096 INFO [Catalina-utility-2] org.apache.catalina.startup.HostConfig.deployDirectory Desplegando el directorio [C:\Users\gaton\OneDrive\Documentos\Programación_Brayann\apache-tomcat-10.1.48\webapps\Nueva carpeta] de la aplicación web
13-Oct-2025 21:34:32.163 INFO [Catalina-utility-2] org.apache.catalina.startup.HostConfig.deployDirectory Deployment of web application directory [C:\Users\gaton\OneDrive\Documentos\Programación_Brayann\apache-tomcat-10.1.48\webapps\Nueva carpeta] has finished in [67] ms
13-Oct-2025 21:34:42.670 INFO [Catalina-utility-2] org.apache.catalina.startup.HostConfig.undeploy Repliegue (undeploy) de la aplicación web que tiene como trayectoria de contexto [/Nueva carpeta]
13-Oct-2025 21:34:42.696 SEVERE [Catalina-utility-2] org.apache.catalina.startup.ExpandWar.deleteDir [C:\Users\gaton\OneDrive\Documentos\Programación_Brayann\apache-tomcat-10.1.48\work\Catalina\localhost\Nueva carpeta] no pudo ser completamente borrado. La presencia de los ficheros restantes puede causar problemas
13-Oct-2025 21:34:42.697 SEVERE [Catalina-utility-2] org.apache.catalina.startup.ExpandWar.delete [C:\Users\gaton\OneDrive\Documentos\Programación_Brayann\apache-tomcat-10.1.48\work\Catalina\localhost\Nueva carpeta] no pudo ser completamente borrado. La presencia de los ficheros restantes puede causar problemas
13-Oct-2025 21:34:42.721 INFO [Catalina-utility-2] org.apache.catalina.startup.HostConfig.deployDirectory Desplegando el directorio [C:\Users\gaton\OneDrive\Documentos\Programación_Brayann\apache-tomcat-10.1.48\webapps\krakedev] de la aplicación web
13-Oct-2025 21:34:42.795 INFO [Catalina-utility-2] org.apache.catalina.startup.HostConfig.deployDirectory Deployment of web application directory [C:\Users\gaton\OneDrive\Documentos\Programación_Brayann\apache-tomcat-10.1.48\webapps\krakedev] has finished in [73] ms
13-Oct-2025 22:26:23.605 INFO [main] org.apache.catalina.core.StandardServer.await Se ha recibido un comando de apagado a través del puerto de apagado. Parando la instancia del Servidor.
13-Oct-2025 22:26:23.614 INFO [main] org.apache.coyote.AbstractProtocol.pause Pausing ProtocolHandler ["http-nio-8080"]
13-Oct-2025 22:26:23.656 INFO [main] org.apache.catalina.core.StandardService.stopInternal Parando servicio [Catalina]
13-Oct-2025 22:26:23.702 INFO [main] org.apache.coyote.AbstractProtocol.stop Stopping ProtocolHandler ["http-nio-8080"]
13-Oct-2025 22:26:23.727 INFO [main] org.apache.coyote.AbstractProtocol.destroy Destroying ProtocolHandler ["http-nio-8080"]
13-Oct-2025 22:32:21.736 INFO [main] org.apache.catalina.startup.VersionLoggerListener.log Nombre de la versión del servidor: Apache Tomcat/10.1.48
13-Oct-2025 22:32:21.739 INFO [main] org.apache.catalina.startup.VersionLoggerListener.log Server built:                      Oct 10 2025 14:33:56 UTC
13-Oct-2025 22:32:21.740 INFO [main] org.apache.catalina.startup.VersionLoggerListener.log Número de versión de servidor:     10.1.48.0
13-Oct-2025 22:32:21.740 INFO [main] org.apache.catalina.startup.VersionLoggerListener.log OS Name:                           Windows 11
13-Oct-2025 22:32:21.740 INFO [main] org.apache.catalina.startup.VersionLoggerListener.log Versión de Systema Operativo:      10.0
13-Oct-2025 22:32:21.741 INFO [main] org.apache.catalina.startup.VersionLoggerListener.log Arquitectura:                      amd64
13-Oct-2025 22:32:21.741 INFO [main] org.apache.catalina.startup.VersionLoggerListener.log Java Home:                         C:\Program Files\Java\jdk-25
13-Oct-2025 22:32:21.741 INFO [main] org.apache.catalina.startup.VersionLoggerListener.log JVM Version:                       25+37-LTS-3491
13-Oct-2025 22:32:21.743 INFO [main] org.apache.catalina.startup.VersionLoggerListener.log Vededor JVM:                       Oracle Corporation
13-Oct-2025 22:32:21.743 INFO [main] org.apache.catalina.startup.VersionLoggerListener.log CATALINA_BASE:                     C:\Users\gaton\OneDrive\Documentos\Programación_Brayann\apache-tomcat-10.1.48
13-Oct-2025 22:32:21.744 INFO [main] org.apache.catalina.startup.VersionLoggerListener.log CATALINA_HOME:                     C:\Users\gaton\OneDrive\Documentos\Programación_Brayann\apache-tomcat-10.1.48
13-Oct-2025 22:32:21.761 INFO [main] org.apache.catalina.startup.VersionLoggerListener.log Command line argument:             -Djava.util.logging.config.file=C:\Users\gaton\OneDrive\Documentos\Programación_Brayann\apache-tomcat-10.1.48\conf\logging.properties
13-Oct-2025 22:32:21.761 INFO [main] org.apache.catalina.startup.VersionLoggerListener.log Command line argument:             -Djava.util.logging.manager=org.apache.juli.ClassLoaderLogManager
13-Oct-2025 22:32:21.761 INFO [main] org.apache.catalina.startup.VersionLoggerListener.log Command line argument:             -Djdk.tls.ephemeralDHKeySize=2048
13-Oct-2025 22:32:21.762 INFO [main] org.apache.catalina.startup.VersionLoggerListener.log Command line argument:             -Djava.protocol.handler.pkgs=org.apache.catalina.webresources
13-Oct-2025 22:32:21.762 INFO [main] org.apache.catalina.startup.VersionLoggerListener.log Command line argument:             -Dsun.io.useCanonCaches=false
13-Oct-2025 22:32:21.762 INFO [main] org.apache.catalina.startup.VersionLoggerListener.log Command line argument:             --add-opens=java.base/java.lang=ALL-UNNAMED
13-Oct-2025 22:32:21.762 INFO [main] org.apache.catalina.startup.VersionLoggerListener.log Command line argument:             --add-opens=java.base/java.lang.reflect=ALL-UNNAMED
13-Oct-2025 22:32:21.762 INFO [main] org.apache.catalina.startup.VersionLoggerListener.log Command line argument:             --add-opens=java.base/java.io=ALL-UNNAMED
13-Oct-2025 22:32:21.762 INFO [main] org.apache.catalina.startup.VersionLoggerListener.log Command line argument:             --add-opens=java.base/java.util=ALL-UNNAMED
13-Oct-2025 22:32:21.762 INFO [main] org.apache.catalina.startup.VersionLoggerListener.log Command line argument:             --add-opens=java.base/java.util.concurrent=ALL-UNNAMED
13-Oct-2025 22:32:21.764 INFO [main] org.apache.catalina.startup.VersionLoggerListener.log Command line argument:             --add-opens=java.rmi/sun.rmi.transport=ALL-UNNAMED
13-Oct-2025 22:32:21.764 INFO [main] org.apache.catalina.startup.VersionLoggerListener.log Command line argument:             -Dcatalina.base=C:\Users\gaton\OneDrive\Documentos\Programación_Brayann\apache-tomcat-10.1.48
13-Oct-2025 22:32:21.764 INFO [main] org.apache.catalina.startup.VersionLoggerListener.log Command line argument:             -Dcatalina.home=C:\Users\gaton\OneDrive\Documentos\Programación_Brayann\apache-tomcat-10.1.48
13-Oct-2025 22:32:21.764 INFO [main] org.apache.catalina.startup.VersionLoggerListener.log Command line argument:             -Djava.io.tmpdir=C:\Users\gaton\OneDrive\Documentos\Programación_Brayann\apache-tomcat-10.1.48\temp
13-Oct-2025 22:32:21.772 INFO [main] org.apache.catalina.core.AprLifecycleListener.lifecycleEvent Cargada la biblioteca nativa APR de Apache Tomcat [2.0.9] con la versión APR [1.7.6].
13-Oct-2025 22:32:21.792 INFO [main] org.apache.catalina.core.AprLifecycleListener.initializeSSL OpenSSL inicializado correctamente [OpenSSL 3.5.0 8 Apr 2025]
13-Oct-2025 22:32:22.115 INFO [main] org.apache.coyote.AbstractProtocol.init Inicializando el manejador de protocolo ["http-nio-8080"]

13-Oct-2025 22:32:22.142 INFO [main] org.apache.catalina.startup.Catalina.load Server initialization in [654] milliseconds
13-Oct-2025 22:32:22.209 INFO [main] org.apache.catalina.core.StandardService.startInternal Arrancando servicio [Catalina]
13-Oct-2025 22:32:22.210 INFO [main] org.apache.catalina.core.StandardEngine.startInternal Starting Servlet engine: [Apache Tomcat/10.1.48]
13-Oct-2025 22:32:22.227 INFO [main] org.apache.catalina.startup.HostConfig.deployDirectory Desplegando el directorio [C:\Users\gaton\OneDrive\Documentos\Programación_Brayann\apache-tomcat-10.1.48\webapps\docs] de la aplicación web
13-Oct-2025 22:32:22.657 INFO [main] org.apache.catalina.startup.HostConfig.deployDirectory Deployment of web application directory [C:\Users\gaton\OneDrive\Documentos\Programación_Brayann\apache-tomcat-10.1.48\webapps\docs] has finished in [423] ms
13-Oct-2025 22:32:22.658 INFO [main] org.apache.catalina.startup.HostConfig.deployDirectory Desplegando el directorio [C:\Users\gaton\OneDrive\Documentos\Programación_Brayann\apache-tomcat-10.1.48\webapps\examples] de la aplicación web
13-Oct-2025 22:32:23.452 INFO [main] org.apache.catalina.startup.HostConfig.deployDirectory Deployment of web application directory [C:\Users\gaton\OneDrive\Documentos\Programación_Brayann\apache-tomcat-10.1.48\webapps\examples] has finished in [795] ms
13-Oct-2025 22:32:23.452 INFO [main] org.apache.catalina.startup.HostConfig.deployDirectory Desplegando el directorio [C:\Users\gaton\OneDrive\Documentos\Programación_Brayann\apache-tomcat-10.1.48\webapps\host-manager] de la aplicación web
13-Oct-2025 22:32:23.527 INFO [main] org.apache.catalina.startup.HostConfig.deployDirectory Deployment of web application directory [C:\Users\gaton\OneDrive\Documentos\Programación_Brayann\apache-tomcat-10.1.48\webapps\host-manager] has finished in [75] ms
13-Oct-2025 22:32:23.528 INFO [main] org.apache.catalina.startup.HostConfig.deployDirectory Desplegando el directorio [C:\Users\gaton\OneDrive\Documentos\Programación_Brayann\apache-tomcat-10.1.48\webapps\krakedev] de la aplicación web
13-Oct-2025 22:32:23.580 INFO [main] org.apache.catalina.startup.HostConfig.deployDirectory Deployment of web application directory [C:\Users\gaton\OneDrive\Documentos\Programación_Brayann\apache-tomcat-10.1.48\webapps\krakedev] has finished in [52] ms
13-Oct-2025 22:32:23.580 INFO [main] org.apache.catalina.startup.HostConfig.deployDirectory Desplegando el directorio [C:\Users\gaton\OneDrive\Documentos\Programación_Brayann\apache-tomcat-10.1.48\webapps\manager] de la aplicación web
13-Oct-2025 22:32:23.642 INFO [main] org.apache.catalina.startup.HostConfig.deployDirectory Deployment of web application directory [C:\Users\gaton\OneDrive\Documentos\Programación_Brayann\apache-tomcat-10.1.48\webapps\manager] has finished in [62] ms
13-Oct-2025 22:32:23.643 INFO [main] org.apache.catalina.startup.HostConfig.deployDirectory Desplegando el directorio [C:\Users\gaton\OneDrive\Documentos\Programación_Brayann\apache-tomcat-10.1.48\webapps\ROOT] de la aplicación web
13-Oct-2025 22:32:23.693 INFO [main] org.apache.catalina.startup.HostConfig.deployDirectory Deployment of web application directory [C:\Users\gaton\OneDrive\Documentos\Programación_Brayann\apache-tomcat-10.1.48\webapps\ROOT] has finished in [50] ms
13-Oct-2025 22:32:23.701 INFO [main] org.apache.coyote.AbstractProtocol.start Starting ProtocolHandler ["http-nio-8080"]
13-Oct-2025 22:32:23.748 INFO [main] org.apache.catalina.startup.Catalina.start Server startup in [1602] milliseconds
13-Oct-2025 22:53:22.275 SEVERE [main] org.apache.catalina.startup.Catalina.stopServer Could not contact [localhost:8005] (base port [8005] and offset [0]). Tomcat may not be running.
13-Oct-2025 22:53:22.279 SEVERE [main] org.apache.catalina.startup.Catalina.stopServer Error stopping Catalina
	java.net.ConnectException: Connection refused: connect
		at java.base/sun.nio.ch.Net.connect0(Native Method)
		at java.base/sun.nio.ch.Net.connect(Net.java:546)
		at java.base/sun.nio.ch.Net.connect(Net.java:535)
		at java.base/sun.nio.ch.NioSocketImpl.connect(NioSocketImpl.java:585)
		at java.base/java.net.SocksSocketImpl.connect(SocksSocketImpl.java:284)
		at java.base/java.net.Socket.connect(Socket.java:659)
		at java.base/java.net.Socket.connect(Socket.java:597)
		at java.base/java.net.Socket.<init>(Socket.java:464)
		at java.base/java.net.Socket.<init>(Socket.java:276)
		at org.apache.catalina.startup.Catalina.stopServer(Catalina.java:654)
		at java.base/jdk.internal.reflect.DirectMethodHandleAccessor.invoke(DirectMethodHandleAccessor.java:104)
		at java.base/java.lang.reflect.Method.invoke(Method.java:565)
		at org.apache.catalina.startup.Bootstrap.stopServer(Bootstrap.java:390)
		at org.apache.catalina.startup.Bootstrap.main(Bootstrap.java:479)
13-Oct-2025 23:55:45.586 INFO [main] org.apache.catalina.startup.VersionLoggerListener.log Nombre de la versión del servidor: Apache Tomcat/10.1.48
13-Oct-2025 23:55:45.591 INFO [main] org.apache.catalina.startup.VersionLoggerListener.log Server built:                      Oct 10 2025 14:33:56 UTC
13-Oct-2025 23:55:45.591 INFO [main] org.apache.catalina.startup.VersionLoggerListener.log Número de versión de servidor:     10.1.48.0
13-Oct-2025 23:55:45.592 INFO [main] org.apache.catalina.startup.VersionLoggerListener.log OS Name:                           Windows 11
13-Oct-2025 23:55:45.592 INFO [main] org.apache.catalina.startup.VersionLoggerListener.log Versión de Systema Operativo:      10.0
13-Oct-2025 23:55:45.592 INFO [main] org.apache.catalina.startup.VersionLoggerListener.log Arquitectura:                      amd64
13-Oct-2025 23:55:45.592 INFO [main] org.apache.catalina.startup.VersionLoggerListener.log Java Home:                         C:\Program Files\Java\jdk-25
13-Oct-2025 23:55:45.593 INFO [main] org.apache.catalina.startup.VersionLoggerListener.log JVM Version:                       25+37-LTS-3491
13-Oct-2025 23:55:45.593 INFO [main] org.apache.catalina.startup.VersionLoggerListener.log Vededor JVM:                       Oracle Corporation
13-Oct-2025 23:55:45.593 INFO [main] org.apache.catalina.startup.VersionLoggerListener.log CATALINA_BASE:                     C:\Users\gaton\OneDrive\Documentos\Programación_Brayann\KrakeDev\apache-tomcat-10.1.48
13-Oct-2025 23:55:45.593 INFO [main] org.apache.catalina.startup.VersionLoggerListener.log CATALINA_HOME:                     C:\Users\gaton\OneDrive\Documentos\Programación_Brayann\KrakeDev\apache-tomcat-10.1.48
13-Oct-2025 23:55:45.614 INFO [main] org.apache.catalina.startup.VersionLoggerListener.log Command line argument:             -Djava.util.logging.config.file=C:\Users\gaton\OneDrive\Documentos\Programación_Brayann\KrakeDev\apache-tomcat-10.1.48\conf\logging.properties
13-Oct-2025 23:55:45.614 INFO [main] org.apache.catalina.startup.VersionLoggerListener.log Command line argument:             -Djava.util.logging.manager=org.apache.juli.ClassLoaderLogManager
13-Oct-2025 23:55:45.615 INFO [main] org.apache.catalina.startup.VersionLoggerListener.log Command line argument:             -Djdk.tls.ephemeralDHKeySize=2048
13-Oct-2025 23:55:45.615 INFO [main] org.apache.catalina.startup.VersionLoggerListener.log Command line argument:             -Djava.protocol.handler.pkgs=org.apache.catalina.webresources
13-Oct-2025 23:55:45.616 INFO [main] org.apache.catalina.startup.VersionLoggerListener.log Command line argument:             -Dsun.io.useCanonCaches=false
13-Oct-2025 23:55:45.616 INFO [main] org.apache.catalina.startup.VersionLoggerListener.log Command line argument:             --add-opens=java.base/java.lang=ALL-UNNAMED
13-Oct-2025 23:55:45.616 INFO [main] org.apache.catalina.startup.VersionLoggerListener.log Command line argument:             --add-opens=java.base/java.lang.reflect=ALL-UNNAMED
13-Oct-2025 23:55:45.616 INFO [main] org.apache.catalina.startup.VersionLoggerListener.log Command line argument:             --add-opens=java.base/java.io=ALL-UNNAMED
13-Oct-2025 23:55:45.617 INFO [main] org.apache.catalina.startup.VersionLoggerListener.log Command line argument:             --add-opens=java.base/java.util=ALL-UNNAMED
13-Oct-2025 23:55:45.617 INFO [main] org.apache.catalina.startup.VersionLoggerListener.log Command line argument:             --add-opens=java.base/java.util.concurrent=ALL-UNNAMED
13-Oct-2025 23:55:45.617 INFO [main] org.apache.catalina.startup.VersionLoggerListener.log Command line argument:             --add-opens=java.rmi/sun.rmi.transport=ALL-UNNAMED
13-Oct-2025 23:55:45.617 INFO [main] org.apache.catalina.startup.VersionLoggerListener.log Command line argument:             -Dcatalina.base=C:\Users\gaton\OneDrive\Documentos\Programación_Brayann\KrakeDev\apache-tomcat-10.1.48
13-Oct-2025 23:55:45.617 INFO [main] org.apache.catalina.startup.VersionLoggerListener.log Command line argument:             -Dcatalina.home=C:\Users\gaton\OneDrive\Documentos\Programación_Brayann\KrakeDev\apache-tomcat-10.1.48
13-Oct-2025 23:55:45.617 INFO [main] org.apache.catalina.startup.VersionLoggerListener.log Command line argument:             -Djava.io.tmpdir=C:\Users\gaton\OneDrive\Documentos\Programación_Brayann\KrakeDev\apache-tomcat-10.1.48\temp
13-Oct-2025 23:55:45.632 INFO [main] org.apache.catalina.core.AprLifecycleListener.lifecycleEvent Cargada la biblioteca nativa APR de Apache Tomcat [2.0.9] con la versión APR [1.7.6].
13-Oct-2025 23:55:45.657 INFO [main] org.apache.catalina.core.AprLifecycleListener.initializeSSL OpenSSL inicializado correctamente [OpenSSL 3.5.0 8 Apr 2025]
13-Oct-2025 23:55:46.088 INFO [main] org.apache.coyote.AbstractProtocol.init Inicializando el manejador de protocolo ["http-nio-8080"]

13-Oct-2025 23:55:46.134 INFO [main] org.apache.catalina.startup.Catalina.load Server initialization in [876] milliseconds
13-Oct-2025 23:55:46.225 INFO [main] org.apache.catalina.core.StandardService.startInternal Arrancando servicio [Catalina]
13-Oct-2025 23:55:46.226 INFO [main] org.apache.catalina.core.StandardEngine.startInternal Starting Servlet engine: [Apache Tomcat/10.1.48]
13-Oct-2025 23:55:46.252 INFO [main] org.apache.catalina.startup.HostConfig.deployDirectory Desplegando el directorio [C:\Users\gaton\OneDrive\Documentos\Programación_Brayann\KrakeDev\apache-tomcat-10.1.48\webapps\docs] de la aplicación web
13-Oct-2025 23:55:46.712 INFO [main] org.apache.catalina.startup.HostConfig.deployDirectory Deployment of web application directory [C:\Users\gaton\OneDrive\Documentos\Programación_Brayann\KrakeDev\apache-tomcat-10.1.48\webapps\docs] has finished in [452] ms
13-Oct-2025 23:55:46.712 INFO [main] org.apache.catalina.startup.HostConfig.deployDirectory Desplegando el directorio [C:\Users\gaton\OneDrive\Documentos\Programación_Brayann\KrakeDev\apache-tomcat-10.1.48\webapps\examples] de la aplicación web
13-Oct-2025 23:55:47.580 INFO [main] org.apache.catalina.startup.HostConfig.deployDirectory Deployment of web application directory [C:\Users\gaton\OneDrive\Documentos\Programación_Brayann\KrakeDev\apache-tomcat-10.1.48\webapps\examples] has finished in [868] ms
13-Oct-2025 23:55:47.581 INFO [main] org.apache.catalina.startup.HostConfig.deployDirectory Desplegando el directorio [C:\Users\gaton\OneDrive\Documentos\Programación_Brayann\KrakeDev\apache-tomcat-10.1.48\webapps\host-manager] de la aplicación web
13-Oct-2025 23:55:47.664 INFO [main] org.apache.catalina.startup.HostConfig.deployDirectory Deployment of web application directory [C:\Users\gaton\OneDrive\Documentos\Programación_Brayann\KrakeDev\apache-tomcat-10.1.48\webapps\host-manager] has finished in [82] ms
13-Oct-2025 23:55:47.664 INFO [main] org.apache.catalina.startup.HostConfig.deployDirectory Desplegando el directorio [C:\Users\gaton\OneDrive\Documentos\Programación_Brayann\KrakeDev\apache-tomcat-10.1.48\webapps\krakedev] de la aplicación web
13-Oct-2025 23:55:47.716 INFO [main] org.apache.catalina.startup.HostConfig.deployDirectory Deployment of web application directory [C:\Users\gaton\OneDrive\Documentos\Programación_Brayann\KrakeDev\apache-tomcat-10.1.48\webapps\krakedev] has finished in [52] ms
13-Oct-2025 23:55:47.716 INFO [main] org.apache.catalina.startup.HostConfig.deployDirectory Desplegando el directorio [C:\Users\gaton\OneDrive\Documentos\Programación_Brayann\KrakeDev\apache-tomcat-10.1.48\webapps\manager] de la aplicación web
13-Oct-2025 23:55:47.773 INFO [main] org.apache.catalina.startup.HostConfig.deployDirectory Deployment of web application directory [C:\Users\gaton\OneDrive\Documentos\Programación_Brayann\KrakeDev\apache-tomcat-10.1.48\webapps\manager] has finished in [57] ms
13-Oct-2025 23:55:47.774 INFO [main] org.apache.catalina.startup.HostConfig.deployDirectory Desplegando el directorio [C:\Users\gaton\OneDrive\Documentos\Programación_Brayann\KrakeDev\apache-tomcat-10.1.48\webapps\ROOT] de la aplicación web
13-Oct-2025 23:55:47.819 INFO [main] org.apache.catalina.startup.HostConfig.deployDirectory Deployment of web application directory [C:\Users\gaton\OneDrive\Documentos\Programación_Brayann\KrakeDev\apache-tomcat-10.1.48\webapps\ROOT] has finished in [45] ms
13-Oct-2025 23:55:47.824 INFO [main] org.apache.coyote.AbstractProtocol.start Starting ProtocolHandler ["http-nio-8080"]
13-Oct-2025 23:55:47.864 INFO [main] org.apache.catalina.startup.Catalina.start Server startup in [1727] milliseconds
